<?xml version="1.0" encoding="UTF-8"?>
<testsuite xmlns:xsi="http://www.w3.org/2001/XMLSchema-instance" xsi:noNamespaceSchemaLocation="https://maven.apache.org/surefire/maven-surefire-plugin/xsd/surefire-test-report-3.0.xsd" version="3.0" name="com.medilinkpro.backend.MedilinkproBackendApplicationTests" time="12.672" tests="1" errors="0" skipped="0" failures="0">
  <properties>
[...]
</properties>
  <testcase name="contextLoads" classname="com.medilinkpro.backend.MedilinkproBackendApplicationTests" time="0.875">
    <system-out><![CDATA[20:14:53.062 [main] INFO org.springframework.test.context.support.AnnotationConfigContextLoaderUtils -- Could not detect default configuration classes for test class [com.medilinkpro.backend.MedilinkproBackendApplicationTests]: MedilinkproBackendApplicationTests does not declare any static, non-private, non-final, nested classes annotated with @Configuration.
20:14:53.270 [main] INFO org.springframework.boot.test.context.SpringBootTestContextBootstrapper -- Found @SpringBootConfiguration com.medilinkpro.backend.MedilinkproBackendApplication for test class com.medilinkpro.backend.MedilinkproBackendApplicationTests

  .   ____          _            __ _ _
 /\\ / ___'_ __ _ _(_)_ __  __ _ \ \ \ \
( ( )\___ | '_ | '_| | '_ \/ _` | \ \ \ \
 \\/  ___)| |_)| | | | | || (_| |  ) ) ) )
  '  |____| .__|_| |_|_| |_\__, | / / / /
 =========|_|==============|___/=/_/_/_/

 :: Spring Boot ::                (v3.3.4)

2026-08-19T20:14:54.236+01:00  INFO 20284 --- [medilinkpro-backend] [           main] c.m.b.MedilinkproBackendApplicationTests : Starting MedilinkproBackendApplicationTests using Java 21.0.10 with PID 20284 (started by lio in D:\beryl\medilinkpro)
2026-08-19T20:14:54.237+01:00 DEBUG 20284 --- [medilinkpro-backend] [           main] c.m.b.MedilinkproBackendApplicationTests : Running with Spring Boot v3.3.4, Spring v6.1.13
2026-08-19T20:14:54.238+01:00  INFO 20284 --- [medilinkpro-backend] [           main] c.m.b.MedilinkproBackendApplicationTests : The following 1 profile is active: "test"
2026-08-19T20:14:56.307+01:00  INFO 20284 --- [medilinkpro-backend] [           main] .s.d.r.c.RepositoryConfigurationDelegate : Bootstrapping Spring Data JPA repositories in DEFAULT mode.
2026-08-19T20:14:56.531+01:00  INFO 20284 --- [medilinkpro-backend] [           main] .s.d.r.c.RepositoryConfigurationDelegate : Finished Spring Data repository scanning in 214 ms. Found 9 JPA repository interfaces.
2026-08-19T20:14:57.536+01:00  INFO 20284 --- [medilinkpro-backend] [           main] o.hibernate.jpa.internal.util.LogHelper  : HHH000204: Processing PersistenceUnitInfo [name: default]
2026-08-19T20:14:57.749+01:00  INFO 20284 --- [medilinkpro-backend] [           main] org.hibernate.Version                    : HHH000412: Hibernate ORM core version 6.5.3.Final
2026-08-19T20:14:57.825+01:00  INFO 20284 --- [medilinkpro-backend] [           main] o.h.c.internal.RegionFactoryInitiator    : HHH000026: Second-level cache disabled
2026-08-19T20:14:58.378+01:00  INFO 20284 --- [medilinkpro-backend] [           main] o.s.o.j.p.SpringPersistenceUnitInfo      : No LoadTimeWeaver setup: ignoring JPA class transformer
2026-08-19T20:14:58.419+01:00  INFO 20284 --- [medilinkpro-backend] [           main] com.zaxxer.hikari.HikariDataSource       : HikariPool-1 - Starting...
2026-08-19T20:14:58.766+01:00  INFO 20284 --- [medilinkpro-backend] [           main] com.zaxxer.hikari.pool.HikariPool        : HikariPool-1 - Added connection conn0: url=jdbc:h2:mem:medilinkpro_test user=SA
2026-08-19T20:14:58.774+01:00  INFO 20284 --- [medilinkpro-backend] [           main] com.zaxxer.hikari.HikariDataSource       : HikariPool-1 - Start completed.
2026-08-19T20:14:58.866+01:00  WARN 20284 --- [medilinkpro-backend] [           main] org.hibernate.orm.deprecation            : HHH90000025: H2Dialect does not need to be specified explicitly using 'hibernate.dialect' (remove the property setting and it will be selected by default)
2026-08-19T20:14:59.057+01:00  WARN 20284 --- [medilinkpro-backend] [           main] o.h.boot.model.internal.EntityBinder     : HHH000457: Joined inheritance hierarchy [com.medilinkpro.backend.entity.Utilisateur] defined explicit @DiscriminatorColumn.  Legacy Hibernate behavior was to ignore the @DiscriminatorColumn.  However, as part of issue HHH-6911 we now apply the explicit @DiscriminatorColumn.  If you would prefer the legacy behavior, enable the `hibernate.discriminator.ignore_explicit_for_joined` setting (hibernate.discriminator.ignore_explicit_for_joined=true)
2026-08-19T20:15:00.681+01:00  INFO 20284 --- [medilinkpro-backend] [           main] o.h.e.t.j.p.i.JtaPlatformInitiator       : HHH000489: No JTA platform available (set 'hibernate.transaction.jta.platform' to enable JTA platform integration)
2026-08-19T20:15:00.780+01:00  INFO 20284 --- [medilinkpro-backend] [           main] j.LocalContainerEntityManagerFactoryBean : Initialized JPA EntityManagerFactory for persistence unit 'default'
2026-08-19T20:15:01.582+01:00  INFO 20284 --- [medilinkpro-backend] [           main] eAuthenticationProviderManagerConfigurer : Global AuthenticationManager configured with AuthenticationProvider bean with name authenticationProvider
2026-08-19T20:15:01.583+01:00  WARN 20284 --- [medilinkpro-backend] [           main] r$InitializeUserDetailsManagerConfigurer : Global AuthenticationManager configured with an AuthenticationProvider bean. UserDetailsService beans will not be used for username/password login. Consider removing the AuthenticationProvider bean. Alternatively, consider using the UserDetailsService in a manually instantiated DaoAuthenticationProvider.
2026-08-19T20:15:01.718+01:00  INFO 20284 --- [medilinkpro-backend] [           main] o.s.d.j.r.query.QueryEnhancerFactory     : Hibernate is in classpath; If applicable, HQL parser will be used.
2026-08-19T20:15:04.448+01:00  INFO 20284 --- [medilinkpro-backend] [           main] c.m.b.MedilinkproBackendApplicationTests : Started MedilinkproBackendApplicationTests in 10.9 seconds (process running for 12.898)
]]></system-out>
    <system-err><![CDATA[WARNING: A Java agent has been loaded dynamically (C:\Users\lio\.m2\repository\net\bytebuddy\byte-buddy-agent\1.14.19\byte-buddy-agent-1.14.19.jar)
WARNING: If a serviceability tool is in use, please run with -XX:+EnableDynamicAgentLoading to hide this warning
WARNING: If a serviceability tool is not in use, please run with -Djdk.instrument.traceUsage for more information
WARNING: Dynamic loading of agents will be disallowed by default in a future release
]]></system-err>
  </testcase>
</testsuite>